<?xml version="1.0" encoding="UTF-8"?>
<!-- Generated by org.testng.reporters.JUnitReportReporter -->
<testsuite skipped="0" hostname="SHREEYA-MALHAR" name="seleniumarch.Alart" tests="1" failures="0" timestamp="12 Nov 2017 05:59:32 GMT" time="0.225" errors="0">
  <testcase name="beforeAlartClass" time="0.225" classname="seleniumarch.Alart"/>
</testsuite> <!-- seleniumarch.Alart -->
