<?xml version="1.0" encoding="UTF-8"?>
<!-- Generated by org.testng.reporters.JUnitReportReporter -->
<testsuite skipped="0" hostname="SHREEYA-MALHAR" name="seleniumarch.Frames" tests="1" failures="0" timestamp="05 Nov 2017 11:48:08 GMT" time="0.021" errors="0">
  <testcase name="f1" time="0.021" classname="seleniumarch.Frames"/>
</testsuite> <!-- seleniumarch.Frames -->
