<?xml version="1.0" encoding="UTF-8"?>
<!-- Generated by org.testng.reporters.JUnitReportReporter -->
<testsuite skipped="0" hostname="SHREEYA-MALHAR" name="seleniumarch.ActionClass" tests="1" failures="0" timestamp="28 Oct 2017 04:33:35 GMT" time="2.044" errors="0">
  <testcase name="titleget" time="2.044" classname="seleniumarch.ActionClass"/>
</testsuite> <!-- seleniumarch.ActionClass -->
