<?xml version="1.0" encoding="UTF-8"?>
<!-- Generated by org.testng.reporters.JUnitReportReporter -->
<testsuite skipped="0" hostname="SHREEYA-MALHAR" name="seleniumarch.WindowHandler" tests="1" failures="0" timestamp="05 Nov 2017 06:26:47 GMT" time="1.302" errors="0">
  <testcase name="f3" time="1.302" classname="seleniumarch.WindowHandler"/>
</testsuite> <!-- seleniumarch.WindowHandler -->
